c:\users\koyama\desktop\学園祭かも\学園祭ゲーム\学園祭ゲーム\debug\vc142.pdb
c:\users\koyama\desktop\学園祭かも\学園祭ゲーム\学園祭ゲーム\debug\vc142.idb
c:\users\koyama\desktop\学園祭かも\学園祭ゲーム\学園祭ゲーム\debug\winmain.obj
c:\users\koyama\desktop\学園祭かも\学園祭ゲーム\学園祭ゲーム\debug\weapon.obj
c:\users\koyama\desktop\学園祭かも\学園祭ゲーム\学園祭ゲーム\debug\player.obj
c:\users\koyama\desktop\学園祭かも\学園祭ゲーム\学園祭ゲーム\debug\draw.obj
c:\users\koyama\desktop\学園祭かも\学園祭ゲーム\学園祭ゲーム\debug\consolewindow.obj
c:\users\koyama\desktop\学園祭かも\学園祭ゲーム\学園祭ゲーム\debug\common.obj
c:\users\koyama\desktop\学園祭かも\学園祭ゲーム\学園祭ゲーム\debug\charabase.obj
c:\users\koyama\desktop\学園祭かも\学園祭ゲーム\学園祭ゲーム\debug\camera.obj
c:\users\koyama\desktop\学園祭かも\学園祭ゲーム\学園祭ゲーム\debug\block.obj
c:\users\koyama\desktop\学園祭かも\学園祭ゲーム\学園祭ゲーム\debug\animation.obj
c:\users\koyama\desktop\学園祭かも\学園祭ゲーム\学園祭ゲーム\debug\学園祭ゲーム.ilk
c:\users\koyama\desktop\学園祭かも\学園祭ゲーム\debug\学園祭ゲーム.exe
c:\users\koyama\desktop\学園祭かも\学園祭ゲーム\debug\学園祭ゲーム.pdb
c:\users\koyama\desktop\学園祭かも\学園祭ゲーム\学園祭ゲーム\debug\学園祭ゲーム.tlog\cl.command.1.tlog
c:\users\koyama\desktop\学園祭かも\学園祭ゲーム\学園祭ゲーム\debug\学園祭ゲーム.tlog\cl.read.1.tlog
c:\users\koyama\desktop\学園祭かも\学園祭ゲーム\学園祭ゲーム\debug\学園祭ゲーム.tlog\cl.write.1.tlog
c:\users\koyama\desktop\学園祭かも\学園祭ゲーム\学園祭ゲーム\debug\学園祭ゲーム.tlog\link.command.1.tlog
c:\users\koyama\desktop\学園祭かも\学園祭ゲーム\学園祭ゲーム\debug\学園祭ゲーム.tlog\link.read.1.tlog
c:\users\koyama\desktop\学園祭かも\学園祭ゲーム\学園祭ゲーム\debug\学園祭ゲーム.tlog\link.write.1.tlog
